----------------------------------------------------
	Your MATLAB license will expire in 55 days.
	Please contact your system administrator or
	MathWorks to renew this license.
    ----------------------------------------------------

	

max: 180308368.771 max_k: 2 period: 336.000 hours (14.000 days)
max: 21586333.529 max_k: 1 period: 672.000 hours (28.000 days)
packets
   1.8031e+08

    14

   336

--
   1.8031e+08

    0.0418

    1.0030

--
   1.6480e+08

    28

   672

--
   1.6480e+08

    0.0417

    1.0015

--
   1.5489e+08

    1.0370

   24.8889

--
   1.5489e+08

    0.0434

    1.0419

--
   1.3649e+08

     7

   168

--
   1.3649e+08

    0.0419

    1.0060

--
   1.3183e+08

    0.8235

   19.7647

--
   1.3183e+08

    0.0439

    1.0533

--
   1.2777e+08

     2

    48

--
   1.2777e+08

    0.0426

    1.0213

--
   1.1981e+08

    1.7500

    42

--
   1.1981e+08

    0.0427

    1.0244

--
   1.0017e+08

    1.6471

   39.5294

--
   1.0017e+08

    0.0427

    1.0260

--
   9.8453e+07

    2.3333

    56

--
   9.8453e+07

    0.0424

    1.0182

--
   9.8294e+07

    0.8485

   20.3636

--
   9.8294e+07

    0.0438

    1.0516

--
ip_s
   2.1586e+07

    28

   672

--
   2.1586e+07

    0.0417

    1.0015

--
   1.8748e+07

     1

    24

--
   1.8748e+07

    0.0435

    1.0435

--
   1.4339e+07

    14

   336

--
   1.4339e+07

    0.0418

    1.0030

--
   5.8744e+06

    5.6000

  134.4000

--
   5.8744e+06

    0.0420

    1.0075

--
   5.7875e+06

     2

    48

--
   5.7875e+06

    0.0426

    1.0213

--
   5.6296e+06

    3.1111

   74.6667

--
   5.6296e+06

    0.0422

    1.0136

--
   5.3954e+06

    0.5000

    12

--
   5.3954e+06

    0.0455

    1.0909

--
   5.2667e+06

    2.3333

    56

--
   5.2667e+06

    0.0424

    1.0182

--
   4.5279e+06

    2.1538

   51.6923

--
   4.5279e+06

    0.0425

    1.0197

--
   4.3883e+06

    4.6667

   112

--
   4.3883e+06

    0.0420

    1.0090

--
